[23:21:52] [main/INFO]: ModLauncher running: args [--username, Dragonek_, --version, 1.21.1, --gameDir, C:\Users\Bartosz\AppData\Roaming\ModrinthApp\profiles\NeoForge 1.21.1, --assetsDir, C:\Users\Bartosz\AppData\Roaming\ModrinthApp\meta\assets, --assetIndex, 17, --uuid, b3fb43f2264846648e22bb975747a01e, --accessToken, ❄❄❄❄❄❄❄❄, --clientId, c4502edb-87c6-40cb-b595-64a280cf8906, --xuid, 0, --userType, msa, --versionType, release, --width, 854, --height, 480, --fml.neoForgeVersion, 21.1.219, --fml.fmlVersion, 4.0.42, --fml.mcVersion, 1.21.1, --fml.neoFormVersion, 20240808.144430, --launchTarget, forgeclient]
[23:21:52] [main/INFO]: JVM identified as Azul Systems, Inc. OpenJDK 64-Bit Server VM 21.0.10+7-LTS
[23:21:52] [main/INFO]: ModLauncher 11.0.5+main.901c6ea8 starting: java version 21.0.10 by Azul Systems, Inc.; OS Windows 11 arch amd64 version 10.0
[23:21:52] [main/INFO]: Loading ImmediateWindowProvider fmlearlywindow
[23:21:52] [main/INFO]: Trying GL version 4.6
[23:21:52] [main/INFO]: Requested GL version 4.6 got version 4.6
[23:21:53] [main/INFO]: SpongePowered MIXIN Subsystem Version=0.8.7 Source=union:/C:/Users/Bartosz/AppData/Roaming/ModrinthApp/meta/libraries/net/fabricmc/sponge-mixin/0.15.2+mixin.0.8.7/sponge-mixin-0.15.2+mixin.0.8.7.jar%23166!/ Service=ModLauncher Env=CLIENT
[23:21:53] [pool-2-thread-1/INFO]: GL info: NVIDIA GeForce RTX 3060 Ti/PCIe/SSE2 GL version 4.6.0 NVIDIA 591.86, NVIDIA Corporation
[23:21:53] [main/INFO]: Found mod file "client-1.21.1-20240808.144430-srg.jar" [locator: production client provider +net.neoforged:neoforge:21.1.219:client]
[23:21:53] [main/INFO]: Found mod file "neoforge-21.1.219-universal.jar" [locator: PathBasedLocator[name=neoforge, paths=[C:\Users\Bartosz\AppData\Roaming\ModrinthApp\meta\libraries\net\neoforged\neoforge\21.1.219\neoforge-21.1.219-universal.jar]], reader: mod manifest]
[23:21:53] [main/INFO]: Found mod file "jei-1.21.1-neoforge-19.27.0.340.jar" [locator: {mods folder locator at C:\Users\Bartosz\AppData\Roaming\ModrinthApp\profiles\NeoForge 1.21.1\mods}, reader: mod manifest]
[23:21:53] [main/INFO]: Found 2 dependencies adding them to mods collection
[23:21:53] [main/INFO]: Found gamelibrary file "mixinextras-neoforge-0.5.0.jar" [parent: neoforge-21.1.219-universal.jar, locator: jarinjar, reader: mod manifest]
[23:21:53] [main/INFO]: Found library file "net.neoforged.neoforge-coremods-21.1.219.jar" [parent: neoforge-21.1.219-universal.jar, locator: jarinjar, reader: mod manifest]
[23:21:53] [main/INFO]: 
     Mod List:
		Name Version (Mod Id)

		Just Enough Items 19.27.0.340 (jei)
		Minecraft 1.21.1 (minecraft)
		NeoForge 21.1.219 (neoforge)
[23:21:53] [main/INFO]: Launching target 'forgeclient' with arguments [--version, 1.21.1, --gameDir, C:\Users\Bartosz\AppData\Roaming\ModrinthApp\profiles\NeoForge 1.21.1, --assetsDir, C:\Users\Bartosz\AppData\Roaming\ModrinthApp\meta\assets, --uuid, b3fb43f2264846648e22bb975747a01e, --username, Dragonek_, --assetIndex, 17, --accessToken, ❄❄❄❄❄❄❄❄, --clientId, c4502edb-87c6-40cb-b595-64a280cf8906, --xuid, 0, --userType, msa, --versionType, release, --width, 854, --height, 480]
[03kwi2026 23:21:55.291] [Datafixer Bootstrap/INFO] [com.mojang.datafixers.DataFixerBuilder/]: 229 Datafixer optimizations took 183 milliseconds
[03kwi2026 23:21:55.529] [pool-7-thread-1/INFO] [MixinExtras|Service/]: Initializing MixinExtras via com.llamalad7.mixinextras.service.MixinExtrasServiceImpl(version=0.5.0).
[03kwi2026 23:21:58.587] [Render thread/WARN] [net.minecraft.server.packs.VanillaPackResourcesBuilder/]: Assets URL 'union:/C:/Users/Bartosz/AppData/Roaming/ModrinthApp/meta/libraries/net/minecraft/client/1.21.1-20240808.144430/client-1.21.1-20240808.144430-srg.jar%23191!/assets/.mcassetsroot' uses unexpected schema
[03kwi2026 23:21:58.587] [Render thread/WARN] [net.minecraft.server.packs.VanillaPackResourcesBuilder/]: Assets URL 'union:/C:/Users/Bartosz/AppData/Roaming/ModrinthApp/meta/libraries/net/minecraft/client/1.21.1-20240808.144430/client-1.21.1-20240808.144430-srg.jar%23191!/data/.mcassetsroot' uses unexpected schema
[03kwi2026 23:21:58.605] [Render thread/INFO] [com.mojang.authlib.yggdrasil.YggdrasilAuthenticationService/]: Environment: Environment[sessionHost=https://sessionserver.mojang.com, servicesHost=https://api.minecraftservices.com, name=PROD]
[03kwi2026 23:21:58.611] [Render thread/INFO] [net.minecraft.client.Minecraft/]: Setting user: Dragonek_
[03kwi2026 23:21:58.676] [Render thread/INFO] [net.minecraft.client.Minecraft/]: Backend library: LWJGL version 3.3.3+5
[03kwi2026 23:21:58.835] [modloading-worker-0/INFO] [net.neoforged.neoforge.common.NeoForgeMod/NEOFORGE-MOD]: NeoForge mod loading, version 21.1.219, for MC 1.21.1
[03kwi2026 23:21:58.898] [modloading-worker-0/INFO] [mezz.jei.library.load.PluginCaller/]: Sending ConfigManager...
[03kwi2026 23:21:58.900] [modloading-worker-0/INFO] [mezz.jei.library.load.PluginCaller/]: Sending ConfigManager took 1.516 milliseconds
[03kwi2026 23:21:59.586] [Render thread/INFO] [net.minecraft.server.packs.resources.ReloadableResourceManager/]: Reloading ResourceManager: vanilla, mod_resources, mod/neoforge, mod/jei
[03kwi2026 23:21:59.711] [Worker-Main-6/INFO] [net.minecraft.client.gui.font.providers.UnihexProvider/]: Found unifont_all_no_pua-15.1.05.hex, loading
[03kwi2026 23:21:59.778] [Worker-Main-5/INFO] [net.minecraft.client.gui.font.providers.UnihexProvider/]: Found unifont_jp_patch-15.1.05.hex, loading
[03kwi2026 23:22:00.867] [Render thread/WARN] [net.minecraft.client.sounds.SoundEngine/]: Missing sound for event: minecraft:item.goat_horn.play
[03kwi2026 23:22:00.867] [Render thread/WARN] [net.minecraft.client.sounds.SoundEngine/]: Missing sound for event: minecraft:entity.goat.screaming.horn_break
[03kwi2026 23:22:00.909] [Render thread/INFO] [com.mojang.blaze3d.audio.Library/]: OpenAL initialized on device OpenAL Soft on Odyssey G5 (NVIDIA High Definition Audio)
[03kwi2026 23:22:00.909] [Render thread/INFO] [net.minecraft.client.sounds.SoundEngine/SOUNDS]: Sound engine started
[03kwi2026 23:22:00.961] [Render thread/INFO] [net.minecraft.client.renderer.texture.TextureAtlas/]: Created: 1024x512x4 minecraft:textures/atlas/blocks.png-atlas
[03kwi2026 23:22:00.966] [Render thread/INFO] [net.minecraft.client.renderer.texture.TextureAtlas/]: Created: 256x256x4 minecraft:textures/atlas/signs.png-atlas
[03kwi2026 23:22:00.966] [Render thread/INFO] [net.minecraft.client.renderer.texture.TextureAtlas/]: Created: 512x512x4 minecraft:textures/atlas/banner_patterns.png-atlas
[03kwi2026 23:22:00.967] [Render thread/INFO] [net.minecraft.client.renderer.texture.TextureAtlas/]: Created: 512x512x4 minecraft:textures/atlas/shield_patterns.png-atlas
[03kwi2026 23:22:00.968] [Render thread/INFO] [net.minecraft.client.renderer.texture.TextureAtlas/]: Created: 1024x1024x4 minecraft:textures/atlas/armor_trims.png-atlas
[03kwi2026 23:22:00.969] [Render thread/INFO] [net.minecraft.client.renderer.texture.TextureAtlas/]: Created: 256x256x4 minecraft:textures/atlas/chest.png-atlas
[03kwi2026 23:22:00.970] [Render thread/INFO] [net.minecraft.client.renderer.texture.TextureAtlas/]: Created: 128x64x4 minecraft:textures/atlas/decorated_pot.png-atlas
[03kwi2026 23:22:00.970] [Render thread/INFO] [net.minecraft.client.renderer.texture.TextureAtlas/]: Created: 512x256x4 minecraft:textures/atlas/beds.png-atlas
[03kwi2026 23:22:00.970] [Render thread/INFO] [net.minecraft.client.renderer.texture.TextureAtlas/]: Created: 512x256x4 minecraft:textures/atlas/shulker_boxes.png-atlas
[03kwi2026 23:22:01.104] [Render thread/INFO] [net.minecraft.client.renderer.texture.TextureAtlas/]: Created: 512x256x0 minecraft:textures/atlas/particles.png-atlas
[03kwi2026 23:22:01.104] [Render thread/INFO] [net.minecraft.client.renderer.texture.TextureAtlas/]: Created: 512x256x0 minecraft:textures/atlas/paintings.png-atlas
[03kwi2026 23:22:01.105] [Render thread/INFO] [net.minecraft.client.renderer.texture.TextureAtlas/]: Created: 256x128x0 minecraft:textures/atlas/mob_effects.png-atlas
[03kwi2026 23:22:01.105] [Render thread/INFO] [net.minecraft.client.renderer.texture.TextureAtlas/]: Created: 64x64x0 minecraft:textures/atlas/map_decorations.png-atlas
[03kwi2026 23:22:01.105] [Render thread/INFO] [net.minecraft.client.renderer.texture.TextureAtlas/]: Created: 1024x512x0 minecraft:textures/atlas/gui.png-atlas
[03kwi2026 23:22:01.227] [Render thread/WARN] [net.minecraft.client.renderer.ShaderInstance/]: Shader rendertype_entity_translucent_emissive could not find sampler named Sampler2 in the specified shader program.
[03kwi2026 23:22:01.439] [Render thread/INFO] [net.neoforged.neoforge.client.entity.animation.json.AnimationLoader/]: Loaded 0 entity animations
[03kwi2026 23:22:01.439] [Render thread/INFO] [net.minecraft.client.renderer.texture.TextureAtlas/]: Created: 256x256x0 jei:textures/atlas/gui.png-atlas
[03kwi2026 23:23:39.309] [Render thread/INFO] [net.minecraft.client.Minecraft/]: Stopping!
